<?xml version="1.0" encoding="UTF-8"?>
<testng-results ignored="0" total="3" passed="3" failed="0" skipped="0">
  <reporter-output>
  </reporter-output>
  <suite started-at="2024-03-04T10:41:59 IST" name="Suite" finished-at="2024-03-04T10:43:52 IST" duration-ms="112933">
    <groups>
      <group name="regression">
        <method signature="TC_002_Gift_Card.enter_wrong_info()[pri:0, instance:testCases.TC_002_Gift_Card@75f5fd58]" name="enter_wrong_info" class="testCases.TC_002_Gift_Card"/>
      </group> <!-- regression -->
      <group name="smoke">
        <method signature="TC_001_Book_SUV.search()[pri:0, instance:testCases.TC_001_Book_SUV@502f1f4c]" name="search" class="testCases.TC_001_Book_SUV"/>
        <method signature="TC_003_Count_AdultCount.adultCount()[pri:0, instance:testCases.TC_003_Count_AdultCount@37b70343]" name="adultCount" class="testCases.TC_003_Count_AdultCount"/>
      </group> <!-- smoke -->
    </groups>
    <test started-at="2024-03-04T10:41:59 IST" name="Test" finished-at="2024-03-04T10:43:52 IST" duration-ms="112933">
      <class name="testCases.TC_002_Gift_Card">
        <test-method is-config="true" signature="setup(java.lang.String,java.lang.String)[pri:0, instance:testCases.TC_002_Gift_Card@75f5fd58]" started-at="2024-03-04T10:42:42 IST" name="setup" finished-at="2024-03-04T10:42:54 IST" duration-ms="11591" status="PASS">
          <params>
            <param index="0">
              <value>
                <![CDATA[Windows]]>
              </value>
            </param>
            <param index="1">
              <value>
                <![CDATA[chrome]]>
              </value>
            </param>
          </params>
          <reporter-output>
          </reporter-output>
        </test-method> <!-- setup -->
        <test-method signature="enter_wrong_info()[pri:0, instance:testCases.TC_002_Gift_Card@75f5fd58]" started-at="2024-03-04T10:42:54 IST" name="enter_wrong_info" finished-at="2024-03-04T10:43:19 IST" duration-ms="24964" status="PASS">
          <reporter-output>
          </reporter-output>
        </test-method> <!-- enter_wrong_info -->
        <test-method is-config="true" signature="teardown()[pri:0, instance:testCases.TC_002_Gift_Card@75f5fd58]" started-at="2024-03-04T10:43:19 IST" name="teardown" finished-at="2024-03-04T10:43:24 IST" duration-ms="5505" status="PASS">
          <reporter-output>
          </reporter-output>
        </test-method> <!-- teardown -->
      </class> <!-- testCases.TC_002_Gift_Card -->
      <class name="testCases.TC_003_Count_AdultCount">
        <test-method is-config="true" signature="setup(java.lang.String,java.lang.String)[pri:0, instance:testCases.TC_003_Count_AdultCount@37b70343]" started-at="2024-03-04T10:43:24 IST" name="setup" finished-at="2024-03-04T10:43:35 IST" duration-ms="11235" status="PASS">
          <params>
            <param index="0">
              <value>
                <![CDATA[Windows]]>
              </value>
            </param>
            <param index="1">
              <value>
                <![CDATA[chrome]]>
              </value>
            </param>
          </params>
          <reporter-output>
          </reporter-output>
        </test-method> <!-- setup -->
        <test-method signature="adultCount()[pri:0, instance:testCases.TC_003_Count_AdultCount@37b70343]" started-at="2024-03-04T10:43:35 IST" name="adultCount" finished-at="2024-03-04T10:43:47 IST" duration-ms="12024" status="PASS">
          <reporter-output>
          </reporter-output>
        </test-method> <!-- adultCount -->
        <test-method is-config="true" signature="teardown()[pri:0, instance:testCases.TC_003_Count_AdultCount@37b70343]" started-at="2024-03-04T10:43:47 IST" name="teardown" finished-at="2024-03-04T10:43:52 IST" duration-ms="4273" status="PASS">
          <reporter-output>
          </reporter-output>
        </test-method> <!-- teardown -->
      </class> <!-- testCases.TC_003_Count_AdultCount -->
      <class name="testCases.TC_001_Book_SUV">
        <test-method is-config="true" signature="setup(java.lang.String,java.lang.String)[pri:0, instance:testCases.TC_001_Book_SUV@502f1f4c]" started-at="2024-03-04T10:42:00 IST" name="setup" finished-at="2024-03-04T10:42:13 IST" duration-ms="13827" status="PASS">
          <params>
            <param index="0">
              <value>
                <![CDATA[Windows]]>
              </value>
            </param>
            <param index="1">
              <value>
                <![CDATA[chrome]]>
              </value>
            </param>
          </params>
          <reporter-output>
          </reporter-output>
        </test-method> <!-- setup -->
        <test-method signature="search()[pri:0, instance:testCases.TC_001_Book_SUV@502f1f4c]" started-at="2024-03-04T10:42:14 IST" name="search" finished-at="2024-03-04T10:42:37 IST" duration-ms="23354" status="PASS">
          <reporter-output>
          </reporter-output>
        </test-method> <!-- search -->
        <test-method is-config="true" signature="teardown()[pri:0, instance:testCases.TC_001_Book_SUV@502f1f4c]" started-at="2024-03-04T10:42:37 IST" name="teardown" finished-at="2024-03-04T10:42:42 IST" duration-ms="5164" status="PASS">
          <reporter-output>
          </reporter-output>
        </test-method> <!-- teardown -->
      </class> <!-- testCases.TC_001_Book_SUV -->
    </test> <!-- Test -->
  </suite> <!-- Suite -->
</testng-results>
